<?xml version="1.0" encoding="UTF-8"?>
<!-- Generated by org.testng.reporters.JUnitXMLReporter -->
<testsuite ignored="6" hostname="DESKTOP-AUFBGI7" failures="1" tests="3" name="Default test(failed)" time="37.616" errors="0" timestamp="2023-04-18T16:53:01 IST">
  <testcase classname="Student.Allen_plus.Allen_PlusscheduleTest" name="@BeforeMethod logintoapp" time="3.765">
    <failure type="org.openqa.selenium.ElementClickInterceptedException" message="element click intercepted: Element &amp;lt;button _ngcontent-ylv-c129=&amp;quot;&amp;quot; id=&amp;quot;submit&amp;quot; type=&amp;quot;submit&amp;quot; class=&amp;quot;btn btn-primary ... mt-4&amp;quot;&amp;gt;Login&amp;lt;/button&amp;gt; is not clickable at point (803, 412). Other element would receive the click: &amp;lt;img _ngcontent-ylv-c129=&amp;quot;&amp;quot; class=&amp;quot;loader_allen&amp;quot; style=&amp;quot;width: 242px;&amp;quot; src=&amp;quot;https://d1sc0s0nb5z771.cloudfront.net/allenplus3/assets/gif/Allen_Loader.gif&amp;quot;&amp;gt;
  (Session info: chrome=112.0.5615.50)
Build info: version: &amp;apos;4.8.3&amp;apos;, revision: &amp;apos;e5e76298c3&amp;apos;
System info: os.name: &amp;apos;Windows 10&amp;apos;, os.arch: &amp;apos;amd64&amp;apos;, os.version: &amp;apos;10.0&amp;apos;, java.version: &amp;apos;11.0.18&amp;apos;
Driver info: org.openqa.selenium.chrome.ChromeDriver
Command: [2e3a46496dcfbbabd9c6718bd7fd4aa6, clickElement {id=de124221-6870-4e5a-8228-dd4f9f966657}]
Capabilities {acceptInsecureCerts: false, browserName: chrome, browserVersion: 112.0.5615.50, chrome: {chromedriverVersion: 112.0.5615.49 (bd2a7bcb881c..., userDataDir: C:\Users\ginger\AppData\Loc...}, goog:chromeOptions: {debuggerAddress: localhost:54050}, networkConnectionEnabled: false, pageLoadStrategy: normal, platformName: WINDOWS, proxy: Proxy(), se:cdp: ws://localhost:54050/devtoo..., se:cdpVersion: 112.0.5615.50, setWindowRect: true, strictFileInteractability: false, timeouts: {implicit: 0, pageLoad: 300000, script: 30000}, unhandledPromptBehavior: dismiss and notify, webauthn:extension:credBlob: true, webauthn:extension:largeBlob: true, webauthn:extension:minPinLength: true, webauthn:extension:prf: true, webauthn:virtualAuthenticators: true}
Element: [[ChromeDriver: chrome on WINDOWS (2e3a46496dcfbbabd9c6718bd7fd4aa6)] -&amp;gt; xpath: (//button[@type=&amp;apos;submit&amp;apos;])[1]]
Session ID: 2e3a46496dcfbbabd9c6718bd7fd4aa6">
      <![CDATA[org.openqa.selenium.ElementClickInterceptedException: element click intercepted: Element <button _ngcontent-ylv-c129="" id="submit" type="submit" class="btn btn-primary ... mt-4">Login</button> is not clickable at point (803, 412). Other element would receive the click: <img _ngcontent-ylv-c129="" class="loader_allen" style="width: 242px;" src="https://d1sc0s0nb5z771.cloudfront.net/allenplus3/assets/gif/Allen_Loader.gif">
  (Session info: chrome=112.0.5615.50)
Build info: version: '4.8.3', revision: 'e5e76298c3'
System info: os.name: 'Windows 10', os.arch: 'amd64', os.version: '10.0', java.version: '11.0.18'
Driver info: org.openqa.selenium.chrome.ChromeDriver
Command: [2e3a46496dcfbbabd9c6718bd7fd4aa6, clickElement {id=de124221-6870-4e5a-8228-dd4f9f966657}]
Capabilities {acceptInsecureCerts: false, browserName: chrome, browserVersion: 112.0.5615.50, chrome: {chromedriverVersion: 112.0.5615.49 (bd2a7bcb881c..., userDataDir: C:\Users\ginger\AppData\Loc...}, goog:chromeOptions: {debuggerAddress: localhost:54050}, networkConnectionEnabled: false, pageLoadStrategy: normal, platformName: WINDOWS, proxy: Proxy(), se:cdp: ws://localhost:54050/devtoo..., se:cdpVersion: 112.0.5615.50, setWindowRect: true, strictFileInteractability: false, timeouts: {implicit: 0, pageLoad: 300000, script: 30000}, unhandledPromptBehavior: dismiss and notify, webauthn:extension:credBlob: true, webauthn:extension:largeBlob: true, webauthn:extension:minPinLength: true, webauthn:extension:prf: true, webauthn:virtualAuthenticators: true}
Element: [[ChromeDriver: chrome on WINDOWS (2e3a46496dcfbbabd9c6718bd7fd4aa6)] -> xpath: (//button[@type='submit'])[1]]
Session ID: 2e3a46496dcfbbabd9c6718bd7fd4aa6
at org.openqa.selenium.remote.codec.w3c.W3CHttpResponseCodec.createException(W3CHttpResponseCodec.java:200)
at org.openqa.selenium.remote.codec.w3c.W3CHttpResponseCodec.decode(W3CHttpResponseCodec.java:133)
at org.openqa.selenium.remote.codec.w3c.W3CHttpResponseCodec.decode(W3CHttpResponseCodec.java:53)
at org.openqa.selenium.remote.HttpCommandExecutor.execute(HttpCommandExecutor.java:193)
at org.openqa.selenium.remote.service.DriverCommandExecutor.invokeExecute(DriverCommandExecutor.java:183)
at org.openqa.selenium.remote.service.DriverCommandExecutor.execute(DriverCommandExecutor.java:158)
at org.openqa.selenium.remote.RemoteWebDriver.execute(RemoteWebDriver.java:543)
at org.openqa.selenium.remote.RemoteWebElement.execute(RemoteWebElement.java:257)
at org.openqa.selenium.remote.RemoteWebElement.click(RemoteWebElement.java:78)
at org.openqa.selenium.support.pagefactory.internal.LocatingElementHandler.invoke(LocatingElementHandler.java:52)
at com.sun.proxy.$Proxy21.click(Unknown Source)
at Student.Allen_plus.AllenLoginPage.clickOnLoginBtn(AllenLoginPage.java:45)
at Student.Allen_plus.Allen_PlusscheduleTest.logintoapp(Allen_PlusscheduleTest.java:46)
at java.base/java.util.ArrayList.forEach(ArrayList.java:1541)
... Removed 39 stack frames]]>
    </failure>
  </testcase> <!-- @BeforeMethod logintoapp -->
  <testcase classname="Student.Allen_plus.Allen_PlusscheduleTest" name="@AfterMethod appLogout" time="-1.681816981028E9">
    <skipped/>
  </testcase> <!-- @AfterMethod appLogout -->
  <testcase classname="Student.Allen_plus.Allen_PlusscheduleTest" name="@AfterClass logoutApp" time="-1.681816981032E9">
    <skipped/>
  </testcase> <!-- @AfterClass logoutApp -->
  <testcase classname="Student.Allen_plus.Allen_PlusscheduleTest" name="verifynoticationbell" time="2.057"/>
  <testcase classname="Student.Allen_plus.Allen_PlusscheduleTest" name="verifyclass" time="15.087">
    <failure type="org.openqa.selenium.NoSuchElementException" message="no such element: Unable to locate element: {&amp;quot;method&amp;quot;:&amp;quot;xpath&amp;quot;,&amp;quot;selector&amp;quot;:&amp;quot;//h4[text()=&amp;apos;No schedule available&amp;apos;]&amp;quot;}
  (Session info: chrome=112.0.5615.50)
For documentation on this error, please visit: https://selenium.dev/exceptions/#no_such_element
Build info: version: &amp;apos;4.8.3&amp;apos;, revision: &amp;apos;e5e76298c3&amp;apos;
System info: os.name: &amp;apos;Windows 10&amp;apos;, os.arch: &amp;apos;amd64&amp;apos;, os.version: &amp;apos;10.0&amp;apos;, java.version: &amp;apos;11.0.18&amp;apos;
Driver info: org.openqa.selenium.chrome.ChromeDriver
Command: [2e3a46496dcfbbabd9c6718bd7fd4aa6, findElement {using=xpath, value=//h4[text()=&amp;apos;No schedule available&amp;apos;]}]
Capabilities {acceptInsecureCerts: false, browserName: chrome, browserVersion: 112.0.5615.50, chrome: {chromedriverVersion: 112.0.5615.49 (bd2a7bcb881c..., userDataDir: C:\Users\ginger\AppData\Loc...}, goog:chromeOptions: {debuggerAddress: localhost:54050}, networkConnectionEnabled: false, pageLoadStrategy: normal, platformName: WINDOWS, proxy: Proxy(), se:cdp: ws://localhost:54050/devtoo..., se:cdpVersion: 112.0.5615.50, setWindowRect: true, strictFileInteractability: false, timeouts: {implicit: 0, pageLoad: 300000, script: 30000}, unhandledPromptBehavior: dismiss and notify, webauthn:extension:credBlob: true, webauthn:extension:largeBlob: true, webauthn:extension:minPinLength: true, webauthn:extension:prf: true, webauthn:virtualAuthenticators: true}
Session ID: 2e3a46496dcfbbabd9c6718bd7fd4aa6">
      <![CDATA[org.openqa.selenium.NoSuchElementException: no such element: Unable to locate element: {"method":"xpath","selector":"//h4[text()='No schedule available']"}
  (Session info: chrome=112.0.5615.50)
For documentation on this error, please visit: https://selenium.dev/exceptions/#no_such_element
Build info: version: '4.8.3', revision: 'e5e76298c3'
System info: os.name: 'Windows 10', os.arch: 'amd64', os.version: '10.0', java.version: '11.0.18'
Driver info: org.openqa.selenium.chrome.ChromeDriver
Command: [2e3a46496dcfbbabd9c6718bd7fd4aa6, findElement {using=xpath, value=//h4[text()='No schedule available']}]
Capabilities {acceptInsecureCerts: false, browserName: chrome, browserVersion: 112.0.5615.50, chrome: {chromedriverVersion: 112.0.5615.49 (bd2a7bcb881c..., userDataDir: C:\Users\ginger\AppData\Loc...}, goog:chromeOptions: {debuggerAddress: localhost:54050}, networkConnectionEnabled: false, pageLoadStrategy: normal, platformName: WINDOWS, proxy: Proxy(), se:cdp: ws://localhost:54050/devtoo..., se:cdpVersion: 112.0.5615.50, setWindowRect: true, strictFileInteractability: false, timeouts: {implicit: 0, pageLoad: 300000, script: 30000}, unhandledPromptBehavior: dismiss and notify, webauthn:extension:credBlob: true, webauthn:extension:largeBlob: true, webauthn:extension:minPinLength: true, webauthn:extension:prf: true, webauthn:virtualAuthenticators: true}
Session ID: 2e3a46496dcfbbabd9c6718bd7fd4aa6
at org.openqa.selenium.remote.codec.w3c.W3CHttpResponseCodec.createException(W3CHttpResponseCodec.java:200)
at org.openqa.selenium.remote.codec.w3c.W3CHttpResponseCodec.decode(W3CHttpResponseCodec.java:133)
at org.openqa.selenium.remote.codec.w3c.W3CHttpResponseCodec.decode(W3CHttpResponseCodec.java:53)
at org.openqa.selenium.remote.HttpCommandExecutor.execute(HttpCommandExecutor.java:193)
at org.openqa.selenium.remote.service.DriverCommandExecutor.invokeExecute(DriverCommandExecutor.java:183)
at org.openqa.selenium.remote.service.DriverCommandExecutor.execute(DriverCommandExecutor.java:158)
at org.openqa.selenium.remote.RemoteWebDriver.execute(RemoteWebDriver.java:543)
at org.openqa.selenium.remote.ElementLocation$ElementFinder$2.findElement(ElementLocation.java:162)
at org.openqa.selenium.remote.ElementLocation.findElement(ElementLocation.java:60)
at org.openqa.selenium.remote.RemoteWebDriver.findElement(RemoteWebDriver.java:352)
at org.openqa.selenium.remote.RemoteWebDriver.findElement(RemoteWebDriver.java:344)
at org.openqa.selenium.support.pagefactory.DefaultElementLocator.findElement(DefaultElementLocator.java:70)
at org.openqa.selenium.support.pagefactory.internal.LocatingElementHandler.invoke(LocatingElementHandler.java:39)
at com.sun.proxy.$Proxy21.getText(Unknown Source)
at Student.Allen_plus.AllenschedulePage.validateclass(AllenschedulePage.java:79)
at Student.Allen_plus.Allen_PlusscheduleTest.verifyclass(Allen_PlusscheduleTest.java:107)
at java.base/java.util.ArrayList.forEach(ArrayList.java:1541)
... Removed 31 stack frames]]>
    </failure>
  </testcase> <!-- verifyclass -->
  <testcase classname="Student.Allen_plus.Allen_PlusscheduleTest" name="verifylogoisdisplyed_or_not" time="0.0">
    <skipped/>
  </testcase> <!-- verifylogoisdisplyed_or_not -->
  <testcase classname="Student.Allen_plus.Allen_PlusscheduleTest" name="varifyschedule" time="0.0">
    <ignored/>
  </testcase> <!-- varifyschedule -->
  <testcase classname="Student.Allen_plus.Allen_PlusscheduleTest" name="verify_i_button" time="0.0">
    <ignored/>
  </testcase> <!-- verify_i_button -->
  <testcase classname="Student.Allen_plus.Allen_PlusscheduleTest" name="verifyNotificatontext" time="0.0">
    <ignored/>
  </testcase> <!-- verifyNotificatontext -->
  <testcase classname="Student.Allen_plus.Allen_PlusscheduleTest" name="verifycoursename" time="0.0">
    <ignored/>
  </testcase> <!-- verifycoursename -->
  <testcase classname="Student.Allen_plus.Allen_PlusscheduleTest" name="verifybatchname" time="0.0">
    <ignored/>
  </testcase> <!-- verifybatchname -->
  <testcase classname="Student.Allen_plus.Allen_PlusscheduleTest" name="Verifyprofilename" time="0.0">
    <ignored/>
  </testcase> <!-- Verifyprofilename -->
</testsuite> <!-- Default test(failed) -->
