<?xml version="1.0" encoding="UTF-8"?>
<!-- Generated by org.testng.reporters.JUnitXMLReporter -->
<testsuite ignored="9" hostname="DESKTOP-AUFBGI7" failures="1" tests="22" name="Default test" time="64.311" errors="0" timestamp="2023-06-28T15:10:16 IST">
  <testcase classname="Student.Allen_plus.Allen_PlusscheduleTest" name="Verifyscheduleprofilename" time="1.772"/>
  <testcase classname="Student.Allen_plus.Allen_PlusscheduleTest" name="verifyscheduleaccesreqpage" time="2.681"/>
  <testcase classname="Student.Allen_plus.Allen_PlusscheduleTest" name="verifyschedulelogoisdisplyed_or_not" time="0.096"/>
  <testcase classname="Student.Allen_plus.Allen_PlusscheduleTest" name="verifyschedulestreamename" time="0.067"/>
  <testcase classname="Student.Allen_plus.Allen_PlusscheduleTest" name="varifyscheduletext" time="0.064"/>
  <testcase classname="Student.Allen_plus.Allen_PlusscheduleTest" name="verifynoticationbelldisplyed_or_not" time="0.027"/>
  <testcase classname="Student.Allen_plus.Allen_PlusscheduleTest" name="verifyscheduleclassisScheduledORnot" time="0.068"/>
  <testcase classname="Student.Allen_plus.Allen_PlusscheduleTest" name="verifyscheduleNotificatontext" time="1.1"/>
  <testcase classname="Student.Allen_plus.Allen_PlusscheduleTest" name="verifyschedule_i_button_and_popupname" time="0.239"/>
  <testcase classname="Student.Allen_plus.Allen_PlusscheduleTest" name="verifyschedulegreetingmsgdisplayed_or_not" time="0.027"/>
  <testcase classname="Student.Allen_plus.Allen_PlusscheduleTest" name="verifyschedulecurrentdatedisplayed_or_not" time="0.03"/>
  <testcase classname="Student.Allen_plus.Allen_PlusscheduleTest" name="verifyscheduleclassrecording" time="37.29">
    <failure type="org.openqa.selenium.NoSuchElementException" message="no such element: Unable to locate element: {&amp;quot;method&amp;quot;:&amp;quot;xpath&amp;quot;,&amp;quot;selector&amp;quot;:&amp;quot;//img[@src=&amp;apos;https://dvvwf08ea9qan.cloudfront.net/allenplus3/assets/images/left-arrow.png&amp;apos;]&amp;quot;}
  (Session info: chrome=114.0.5735.135)
For documentation on this error, please visit: https://selenium.dev/exceptions/#no_such_element
Build info: version: &amp;apos;4.8.3&amp;apos;, revision: &amp;apos;e5e76298c3&amp;apos;
System info: os.name: &amp;apos;Windows 10&amp;apos;, os.arch: &amp;apos;amd64&amp;apos;, os.version: &amp;apos;10.0&amp;apos;, java.version: &amp;apos;11.0.18&amp;apos;
Driver info: org.openqa.selenium.chrome.ChromeDriver
Command: [b5ed9a8ab2b3bd7fb44fb44c802b98d8, findElement {using=xpath, value=//img[@src=&amp;apos;https://dvvwf08ea9qan.cloudfront.net/allenplus3/assets/images/left-arrow.png&amp;apos;]}]
Capabilities {acceptInsecureCerts: false, browserName: chrome, browserVersion: 114.0.5735.135, chrome: {chromedriverVersion: 114.0.5735.90 (386bc09e8f4f..., userDataDir: C:\Users\ginger\AppData\Loc...}, goog:chromeOptions: {debuggerAddress: localhost:64075}, networkConnectionEnabled: false, pageLoadStrategy: normal, platformName: WINDOWS, proxy: Proxy(), se:cdp: ws://localhost:64075/devtoo..., se:cdpVersion: 114.0.5735.135, setWindowRect: true, strictFileInteractability: false, timeouts: {implicit: 0, pageLoad: 300000, script: 30000}, unhandledPromptBehavior: dismiss and notify, webauthn:extension:credBlob: true, webauthn:extension:largeBlob: true, webauthn:extension:minPinLength: true, webauthn:extension:prf: true, webauthn:virtualAuthenticators: true}
Session ID: b5ed9a8ab2b3bd7fb44fb44c802b98d8">
      <![CDATA[org.openqa.selenium.NoSuchElementException: no such element: Unable to locate element: {"method":"xpath","selector":"//img[@src='https://dvvwf08ea9qan.cloudfront.net/allenplus3/assets/images/left-arrow.png']"}
  (Session info: chrome=114.0.5735.135)
For documentation on this error, please visit: https://selenium.dev/exceptions/#no_such_element
Build info: version: '4.8.3', revision: 'e5e76298c3'
System info: os.name: 'Windows 10', os.arch: 'amd64', os.version: '10.0', java.version: '11.0.18'
Driver info: org.openqa.selenium.chrome.ChromeDriver
Command: [b5ed9a8ab2b3bd7fb44fb44c802b98d8, findElement {using=xpath, value=//img[@src='https://dvvwf08ea9qan.cloudfront.net/allenplus3/assets/images/left-arrow.png']}]
Capabilities {acceptInsecureCerts: false, browserName: chrome, browserVersion: 114.0.5735.135, chrome: {chromedriverVersion: 114.0.5735.90 (386bc09e8f4f..., userDataDir: C:\Users\ginger\AppData\Loc...}, goog:chromeOptions: {debuggerAddress: localhost:64075}, networkConnectionEnabled: false, pageLoadStrategy: normal, platformName: WINDOWS, proxy: Proxy(), se:cdp: ws://localhost:64075/devtoo..., se:cdpVersion: 114.0.5735.135, setWindowRect: true, strictFileInteractability: false, timeouts: {implicit: 0, pageLoad: 300000, script: 30000}, unhandledPromptBehavior: dismiss and notify, webauthn:extension:credBlob: true, webauthn:extension:largeBlob: true, webauthn:extension:minPinLength: true, webauthn:extension:prf: true, webauthn:virtualAuthenticators: true}
Session ID: b5ed9a8ab2b3bd7fb44fb44c802b98d8
at java.base/jdk.internal.reflect.NativeConstructorAccessorImpl.newInstance0(Native Method)
at java.base/jdk.internal.reflect.NativeConstructorAccessorImpl.newInstance(NativeConstructorAccessorImpl.java:62)
at java.base/jdk.internal.reflect.DelegatingConstructorAccessorImpl.newInstance(DelegatingConstructorAccessorImpl.java:45)
at java.base/java.lang.reflect.Constructor.newInstance(Constructor.java:490)
at org.openqa.selenium.remote.codec.w3c.W3CHttpResponseCodec.createException(W3CHttpResponseCodec.java:200)
at org.openqa.selenium.remote.codec.w3c.W3CHttpResponseCodec.decode(W3CHttpResponseCodec.java:133)
at org.openqa.selenium.remote.codec.w3c.W3CHttpResponseCodec.decode(W3CHttpResponseCodec.java:53)
at org.openqa.selenium.remote.HttpCommandExecutor.execute(HttpCommandExecutor.java:193)
at org.openqa.selenium.remote.service.DriverCommandExecutor.invokeExecute(DriverCommandExecutor.java:183)
at org.openqa.selenium.remote.service.DriverCommandExecutor.execute(DriverCommandExecutor.java:158)
at org.openqa.selenium.remote.RemoteWebDriver.execute(RemoteWebDriver.java:543)
at org.openqa.selenium.remote.ElementLocation$ElementFinder$2.findElement(ElementLocation.java:162)
at org.openqa.selenium.remote.ElementLocation.findElement(ElementLocation.java:60)
at org.openqa.selenium.remote.RemoteWebDriver.findElement(RemoteWebDriver.java:352)
at org.openqa.selenium.remote.RemoteWebDriver.findElement(RemoteWebDriver.java:344)
at org.openqa.selenium.support.pagefactory.DefaultElementLocator.findElement(DefaultElementLocator.java:70)
at org.openqa.selenium.support.pagefactory.internal.LocatingElementHandler.invoke(LocatingElementHandler.java:39)
at com.sun.proxy.$Proxy20.click(Unknown Source)
at Student.Allen_plus.AllenschedulePage.validateyourclassback(AllenschedulePage.java:333)
at Student.Allen_plus.Allen_PlusscheduleTest.verifyscheduleclassrecording(Allen_PlusscheduleTest.java:194)
at java.base/jdk.internal.reflect.NativeMethodAccessorImpl.invoke0(Native Method)
at java.base/jdk.internal.reflect.NativeMethodAccessorImpl.invoke(NativeMethodAccessorImpl.java:62)
at java.base/jdk.internal.reflect.DelegatingMethodAccessorImpl.invoke(DelegatingMethodAccessorImpl.java:43)
at java.base/java.lang.reflect.Method.invoke(Method.java:566)
at org.testng.internal.MethodInvocationHelper.invokeMethod(MethodInvocationHelper.java:133)
at org.testng.internal.TestInvoker.invokeMethod(TestInvoker.java:598)
at org.testng.internal.TestInvoker.invokeTestMethod(TestInvoker.java:173)
at org.testng.internal.MethodRunner.runInSequence(MethodRunner.java:46)
at org.testng.internal.TestInvoker$MethodInvocationAgent.invoke(TestInvoker.java:824)
at org.testng.internal.TestInvoker.invokeTestMethods(TestInvoker.java:146)
at org.testng.internal.TestMethodWorker.invokeTestMethods(TestMethodWorker.java:146)
at org.testng.internal.TestMethodWorker.run(TestMethodWorker.java:128)
at java.base/java.util.ArrayList.forEach(ArrayList.java:1541)
at org.testng.TestRunner.privateRun(TestRunner.java:794)
at org.testng.TestRunner.run(TestRunner.java:596)
at org.testng.SuiteRunner.runTest(SuiteRunner.java:377)
at org.testng.SuiteRunner.runSequentially(SuiteRunner.java:371)
at org.testng.SuiteRunner.privateRun(SuiteRunner.java:332)
at org.testng.SuiteRunner.run(SuiteRunner.java:276)
at org.testng.SuiteRunnerWorker.runSuite(SuiteRunnerWorker.java:53)
at org.testng.SuiteRunnerWorker.run(SuiteRunnerWorker.java:96)
at org.testng.TestNG.runSuitesSequentially(TestNG.java:1212)
at org.testng.TestNG.runSuitesLocally(TestNG.java:1134)
at org.testng.TestNG.runSuites(TestNG.java:1063)
at org.testng.TestNG.run(TestNG.java:1031)
at org.testng.remote.AbstractRemoteTestNG.run(AbstractRemoteTestNG.java:115)
at org.testng.remote.RemoteTestNG.initAndRun(RemoteTestNG.java:251)
at org.testng.remote.RemoteTestNG.main(RemoteTestNG.java:77)
]]>
    </failure>
  </testcase> <!-- verifyscheduleclassrecording -->
  <testcase classname="Student.Allen_plus.Allen_PlusscheduleTest" name="validatescheduleclassrecordingtext" time="0.055"/>
  <testcase classname="Student.Allen_plus.Allen_PlusscheduleTest" name="verifyscheduletodaybtn" time="0.025"/>
  <testcase classname="Student.Allen_plus.Allen_PlusscheduleTest" name="verifyscheduletodaybuttontext" time="0.043"/>
  <testcase classname="Student.Allen_plus.Allen_PlusscheduleTest" name="verifyscheduleaccesreq" time="4.248"/>
  <testcase classname="Student.Allen_plus.Allen_PlusscheduleTest" name="verifyscheduleaccessreqbtntext" time="0.097"/>
  <testcase classname="Student.Allen_plus.Allen_PlusscheduleTest" name="validatescheduleappversiondisplayed_or_not" time="0.03"/>
  <testcase classname="Student.Allen_plus.Allen_PlusscheduleTest" name="verifycalendervisible_or_not" time="0.03"/>
  <testcase classname="Student.Allen_plus.Allen_PlusscheduleTest" name="verifyhschedulepageimagedisplayed_or_not" time="0.026"/>
  <testcase classname="Student.Allen_plus.Allen_PlusscheduleTest" name="verifyschedulesidepanelclosebtn" time="2.244"/>
  <testcase classname="Student.Allen_plus.Allen_PlusscheduleTest" name="verifynotification9pluscountdisplayed_or_not" time="0.032"/>
  <testcase classname="Student.Allen_plus.Allen_PlusscheduleTest" name="verifyschedulejoinclass" time="0.0">
    <ignored/>
  </testcase> <!-- verifyschedulejoinclass -->
  <testcase classname="Student.Allen_plus.Allen_PlusscheduleTest" name="login1" time="0.0">
    <ignored/>
  </testcase> <!-- login1 -->
  <testcase classname="Student.Allen_plus.Allen_PlusscheduleTest" name="verifyschedulerdeempoint" time="0.0">
    <ignored/>
  </testcase> <!-- verifyschedulerdeempoint -->
  <testcase classname="Student.Allen_plus.Allen_PlusscheduleTest" name="verifyschedulehistorytext" time="0.0">
    <ignored/>
  </testcase> <!-- verifyschedulehistorytext -->
  <testcase classname="Student.Allen_plus.Allen_PlusscheduleTest" name="verifyschedulechangepasstext" time="0.0">
    <ignored/>
  </testcase> <!-- verifyschedulechangepasstext -->
  <testcase classname="Student.Allen_plus.Allen_PlusscheduleTest" name="verifyschedulebatchnametext" time="0.0">
    <ignored/>
  </testcase> <!-- verifyschedulebatchnametext -->
  <testcase classname="Student.Allen_plus.Allen_PlusscheduleTest" name="verifyschedulesettingdropdown" time="0.0">
    <ignored/>
  </testcase> <!-- verifyschedulesettingdropdown -->
  <testcase classname="Student.Allen_plus.Allen_PlusscheduleTest" name="verifyscheduleleave" time="0.0">
    <ignored/>
  </testcase> <!-- verifyscheduleleave -->
  <testcase classname="Student.Allen_plus.Allen_PlusscheduleTest" name="verifyschedulestudydroptext" time="0.0">
    <ignored/>
  </testcase> <!-- verifyschedulestudydroptext -->
</testsuite> <!-- Default test -->
