<html>
<head>
<title>TestNG:  Default test</title>
<link href="../testng.css" rel="stylesheet" type="text/css" />
<link href="../my-testng.css" rel="stylesheet" type="text/css" />

<style type="text/css">
.log { display: none;} 
.stack-trace { display: none;} 
</style>
<script type="text/javascript">
<!--
function flip(e) {
  current = e.style.display;
  if (current == 'block') {
    e.style.display = 'none';
    return 0;
  }
  else {
    e.style.display = 'block';
    return 1;
  }
}

function toggleBox(szDivId, elem, msg1, msg2)
{
  var res = -1;  if (document.getElementById) {
    res = flip(document.getElementById(szDivId));
  }
  else if (document.all) {
    // this is the way old msie versions work
    res = flip(document.all[szDivId]);
  }
  if(elem) {
    if(res == 0) elem.innerHTML = msg1; else elem.innerHTML = msg2;
  }

}

function toggleAllBoxes() {
  if (document.getElementsByTagName) {
    d = document.getElementsByTagName('div');
    for (i = 0; i < d.length; i++) {
      if (d[i].className == 'log') {
        flip(d[i]);
      }
    }
  }
}

// -->
</script>

</head>
<body>
<h2 align='center'>Default test</h2><table border='1' align="center">
<tr>
<td>Tests passed/Failed/Skipped:</td><td>21/1/0</td>
</tr><tr>
<td>Started on:</td><td>Wed Jun 28 15:09:12 IST 2023</td>
</tr>
<tr><td>Total time:</td><td>64 seconds (64311 ms)</td>
</tr><tr>
<td>Included groups:</td><td></td>
</tr><tr>
<td>Excluded groups:</td><td></td>
</tr>
</table><p/>
<small><i>(Hover the method name to see the test class name)</i></small><p/>
<table width='100%' border='1' class='invocation-failed'>
<tr><td colspan='4' align='center'><b>FAILED TESTS</b></td></tr>
<tr><td><b>Test method</b></td>
<td width="30%"><b>Exception</b></td>
<td width="10%"><b>Time (seconds)</b></td>
<td><b>Instance</b></td>
</tr>
<tr>
<td title='Student.Allen_plus.Allen_PlusscheduleTest.verifyscheduleclassrecording()'><b>verifyscheduleclassrecording</b><br>Test class: Student.Allen_plus.Allen_PlusscheduleTest</td>
<td><div><pre>org.openqa.selenium.NoSuchElementException: no such element: Unable to locate element: {&quot;method&quot;:&quot;xpath&quot;,&quot;selector&quot;:&quot;//img[@src=&apos;https://dvvwf08ea9qan.cloudfront.net/allenplus3/assets/images/left-arrow.png&apos;]&quot;}
  (Session info: chrome=114.0.5735.135)
For documentation on this error, please visit: https://selenium.dev/exceptions/#no_such_element
Build info: version: &apos;4.8.3&apos;, revision: &apos;e5e76298c3&apos;
System info: os.name: &apos;Windows 10&apos;, os.arch: &apos;amd64&apos;, os.version: &apos;10.0&apos;, java.version: &apos;11.0.18&apos;
Driver info: org.openqa.selenium.chrome.ChromeDriver
Command: [b5ed9a8ab2b3bd7fb44fb44c802b98d8, findElement {using=xpath, value=//img[@src=&apos;https://dvvwf08ea9qan.cloudfront.net/allenplus3/assets/images/left-arrow.png&apos;]}]
Capabilities {acceptInsecureCerts: false, browserName: chrome, browserVersion: 114.0.5735.135, chrome: {chromedriverVersion: 114.0.5735.90 (386bc09e8f4f..., userDataDir: C:\Users\ginger\AppData\Loc...}, goog:chromeOptions: {debuggerAddress: localhost:64075}, networkConnectionEnabled: false, pageLoadStrategy: normal, platformName: WINDOWS, proxy: Proxy(), se:cdp: ws://localhost:64075/devtoo..., se:cdpVersion: 114.0.5735.135, setWindowRect: true, strictFileInteractability: false, timeouts: {implicit: 0, pageLoad: 300000, script: 30000}, unhandledPromptBehavior: dismiss and notify, webauthn:extension:credBlob: true, webauthn:extension:largeBlob: true, webauthn:extension:minPinLength: true, webauthn:extension:prf: true, webauthn:virtualAuthenticators: true}
Session ID: b5ed9a8ab2b3bd7fb44fb44c802b98d8
	at java.base/jdk.internal.reflect.NativeConstructorAccessorImpl.newInstance0(Native Method)
	at java.base/jdk.internal.reflect.NativeConstructorAccessorImpl.newInstance(NativeConstructorAccessorImpl.java:62)
	at java.base/jdk.internal.reflect.DelegatingConstructorAccessorImpl.newInstance(DelegatingConstructorAccessorImpl.java:45)
	at java.base/java.lang.reflect.Constructor.newInstance(Constructor.java:490)
	at org.openqa.selenium.remote.codec.w3c.W3CHttpResponseCodec.createException(W3CHttpResponseCodec.java:200)
	at org.openqa.selenium.remote.codec.w3c.W3CHttpResponseCodec.decode(W3CHttpResponseCodec.java:133)
	at org.openqa.selenium.remote.codec.w3c.W3CHttpResponseCodec.decode(W3CHttpResponseCodec.java:53)
	at org.openqa.selenium.remote.HttpCommandExecutor.execute(HttpCommandExecutor.java:193)
	at org.openqa.selenium.remote.service.DriverCommandExecutor.invokeExecute(DriverCommandExecutor.java:183)
	at org.openqa.selenium.remote.service.DriverCommandExecutor.execute(DriverCommandExecutor.java:158)
	at org.openqa.selenium.remote.RemoteWebDriver.execute(RemoteWebDriver.java:543)
	at org.openqa.selenium.remote.ElementLocation$ElementFinder$2.findElement(ElementLocation.java:162)
	at org.openqa.selenium.remote.ElementLocation.findElement(ElementLocation.java:60)
	at org.openqa.selenium.remote.RemoteWebDriver.findElement(RemoteWebDriver.java:352)
	at org.openqa.selenium.remote.RemoteWebDriver.findElement(RemoteWebDriver.java:344)
	at org.openqa.selenium.support.pagefactory.DefaultElementLocator.findElement(DefaultElementLocator.java:70)
	at org.openqa.selenium.support.pagefactory.internal.LocatingElementHandler.invoke(LocatingElementHandler.java:39)
	at com.sun.proxy.$Proxy20.click(Unknown Source)
	at Student.Allen_plus.AllenschedulePage.validateyourclassback(AllenschedulePage.java:333)
	at Student.Allen_plus.Allen_PlusscheduleTest.verifyscheduleclassrecording(Allen_PlusscheduleTest.java:194)
	at java.base/jdk.internal.reflect.NativeMethodAccessorImpl.invoke0(Native Method)
	at java.base/jdk.internal.reflect.NativeMethodAccessorImpl.invoke(NativeMethodAccessorImpl.java:62)
	at java.base/jdk.internal.reflect.DelegatingMethodAccessorImpl.invoke(DelegatingMethodAccessorImpl.java:43)
	at java.base/java.lang.reflect.Method.invoke(Method.java:566)
	at org.testng.internal.MethodInvocationHelper.invokeMethod(MethodInvocationHelper.java:133)
	at org.testng.internal.TestInvoker.invokeMethod(TestInvoker.java:598)
	at org.testng.internal.TestInvoker.invokeTestMethod(TestInvoker.java:173)
	at org.testng.internal.MethodRunner.runInSequence(MethodRunner.java:46)
	at org.testng.internal.TestInvoker$MethodInvocationAgent.invoke(TestInvoker.java:824)
	at org.testng.internal.TestInvoker.invokeTestMethods(TestInvoker.java:146)
	at org.testng.internal.TestMethodWorker.invokeTestMethods(TestMethodWorker.java:146)
	at org.testng.internal.TestMethodWorker.run(TestMethodWorker.java:128)
	at java.base/java.util.ArrayList.forEach(ArrayList.java:1541)
	at org.testng.TestRunner.privateRun(TestRunner.java:794)
	at org.testng.TestRunner.run(TestRunner.java:596)
	at org.testng.SuiteRunner.runTest(SuiteRunner.java:377)
	at org.testng.SuiteRunner.runSequentially(SuiteRunner.java:371)
	at org.testng.SuiteRunner.privateRun(SuiteRunner.java:332)
	at org.testng.SuiteRunner.run(SuiteRunner.java:276)
	at org.testng.SuiteRunnerWorker.runSuite(SuiteRunnerWorker.java:53)
	at org.testng.SuiteRunnerWorker.run(SuiteRunnerWorker.java:96)
	at org.testng.TestNG.runSuitesSequentially(TestNG.java:1212)
	at org.testng.TestNG.runSuitesLocally(TestNG.java:1134)
	at org.testng.TestNG.runSuites(TestNG.java:1063)
	at org.testng.TestNG.run(TestNG.java:1031)
	at org.testng.remote.AbstractRemoteTestNG.run(AbstractRemoteTestNG.java:115)
	at org.testng.remote.RemoteTestNG.initAndRun(RemoteTestNG.java:251)
	at org.testng.remote.RemoteTestNG.main(RemoteTestNG.java:77)
</pre></div><a href='#' onClick='toggleBox("stack-trace1698674897", this, "Click to show all stack frames", "Click to hide stack frames")'>Click to show all stack frames</a>
<div class='stack-trace' id='stack-trace1698674897'><pre>org.openqa.selenium.NoSuchElementException: no such element: Unable to locate element: {&quot;method&quot;:&quot;xpath&quot;,&quot;selector&quot;:&quot;//img[@src=&apos;https://dvvwf08ea9qan.cloudfront.net/allenplus3/assets/images/left-arrow.png&apos;]&quot;}
  (Session info: chrome=114.0.5735.135)
For documentation on this error, please visit: https://selenium.dev/exceptions/#no_such_element
Build info: version: &apos;4.8.3&apos;, revision: &apos;e5e76298c3&apos;
System info: os.name: &apos;Windows 10&apos;, os.arch: &apos;amd64&apos;, os.version: &apos;10.0&apos;, java.version: &apos;11.0.18&apos;
Driver info: org.openqa.selenium.chrome.ChromeDriver
Command: [b5ed9a8ab2b3bd7fb44fb44c802b98d8, findElement {using=xpath, value=//img[@src=&apos;https://dvvwf08ea9qan.cloudfront.net/allenplus3/assets/images/left-arrow.png&apos;]}]
Capabilities {acceptInsecureCerts: false, browserName: chrome, browserVersion: 114.0.5735.135, chrome: {chromedriverVersion: 114.0.5735.90 (386bc09e8f4f..., userDataDir: C:\Users\ginger\AppData\Loc...}, goog:chromeOptions: {debuggerAddress: localhost:64075}, networkConnectionEnabled: false, pageLoadStrategy: normal, platformName: WINDOWS, proxy: Proxy(), se:cdp: ws://localhost:64075/devtoo..., se:cdpVersion: 114.0.5735.135, setWindowRect: true, strictFileInteractability: false, timeouts: {implicit: 0, pageLoad: 300000, script: 30000}, unhandledPromptBehavior: dismiss and notify, webauthn:extension:credBlob: true, webauthn:extension:largeBlob: true, webauthn:extension:minPinLength: true, webauthn:extension:prf: true, webauthn:virtualAuthenticators: true}
Session ID: b5ed9a8ab2b3bd7fb44fb44c802b98d8
	at java.base/jdk.internal.reflect.NativeConstructorAccessorImpl.newInstance0(Native Method)
	at java.base/jdk.internal.reflect.NativeConstructorAccessorImpl.newInstance(NativeConstructorAccessorImpl.java:62)
	at java.base/jdk.internal.reflect.DelegatingConstructorAccessorImpl.newInstance(DelegatingConstructorAccessorImpl.java:45)
	at java.base/java.lang.reflect.Constructor.newInstance(Constructor.java:490)
	at org.openqa.selenium.remote.codec.w3c.W3CHttpResponseCodec.createException(W3CHttpResponseCodec.java:200)
	at org.openqa.selenium.remote.codec.w3c.W3CHttpResponseCodec.decode(W3CHttpResponseCodec.java:133)
	at org.openqa.selenium.remote.codec.w3c.W3CHttpResponseCodec.decode(W3CHttpResponseCodec.java:53)
	at org.openqa.selenium.remote.HttpCommandExecutor.execute(HttpCommandExecutor.java:193)
	at org.openqa.selenium.remote.service.DriverCommandExecutor.invokeExecute(DriverCommandExecutor.java:183)
	at org.openqa.selenium.remote.service.DriverCommandExecutor.execute(DriverCommandExecutor.java:158)
	at org.openqa.selenium.remote.RemoteWebDriver.execute(RemoteWebDriver.java:543)
	at org.openqa.selenium.remote.ElementLocation$ElementFinder$2.findElement(ElementLocation.java:162)
	at org.openqa.selenium.remote.ElementLocation.findElement(ElementLocation.java:60)
	at org.openqa.selenium.remote.RemoteWebDriver.findElement(RemoteWebDriver.java:352)
	at org.openqa.selenium.remote.RemoteWebDriver.findElement(RemoteWebDriver.java:344)
	at org.openqa.selenium.support.pagefactory.DefaultElementLocator.findElement(DefaultElementLocator.java:70)
	at org.openqa.selenium.support.pagefactory.internal.LocatingElementHandler.invoke(LocatingElementHandler.java:39)
	at com.sun.proxy.$Proxy20.click(Unknown Source)
	at Student.Allen_plus.AllenschedulePage.validateyourclassback(AllenschedulePage.java:333)
	at Student.Allen_plus.Allen_PlusscheduleTest.verifyscheduleclassrecording(Allen_PlusscheduleTest.java:194)
	at java.base/jdk.internal.reflect.NativeMethodAccessorImpl.invoke0(Native Method)
	at java.base/jdk.internal.reflect.NativeMethodAccessorImpl.invoke(NativeMethodAccessorImpl.java:62)
	at java.base/jdk.internal.reflect.DelegatingMethodAccessorImpl.invoke(DelegatingMethodAccessorImpl.java:43)
	at java.base/java.lang.reflect.Method.invoke(Method.java:566)
	at org.testng.internal.MethodInvocationHelper.invokeMethod(MethodInvocationHelper.java:133)
	at org.testng.internal.TestInvoker.invokeMethod(TestInvoker.java:598)
	at org.testng.internal.TestInvoker.invokeTestMethod(TestInvoker.java:173)
	at org.testng.internal.MethodRunner.runInSequence(MethodRunner.java:46)
	at org.testng.internal.TestInvoker$MethodInvocationAgent.invoke(TestInvoker.java:824)
	at org.testng.internal.TestInvoker.invokeTestMethods(TestInvoker.java:146)
	at org.testng.internal.TestMethodWorker.invokeTestMethods(TestMethodWorker.java:146)
	at org.testng.internal.TestMethodWorker.run(TestMethodWorker.java:128)
	at java.base/java.util.ArrayList.forEach(ArrayList.java:1541)
	at org.testng.TestRunner.privateRun(TestRunner.java:794)
	at org.testng.TestRunner.run(TestRunner.java:596)
	at org.testng.SuiteRunner.runTest(SuiteRunner.java:377)
	at org.testng.SuiteRunner.runSequentially(SuiteRunner.java:371)
	at org.testng.SuiteRunner.privateRun(SuiteRunner.java:332)
	at org.testng.SuiteRunner.run(SuiteRunner.java:276)
	at org.testng.SuiteRunnerWorker.runSuite(SuiteRunnerWorker.java:53)
	at org.testng.SuiteRunnerWorker.run(SuiteRunnerWorker.java:96)
	at org.testng.TestNG.runSuitesSequentially(TestNG.java:1212)
	at org.testng.TestNG.runSuitesLocally(TestNG.java:1134)
	at org.testng.TestNG.runSuites(TestNG.java:1063)
	at org.testng.TestNG.run(TestNG.java:1031)
	at org.testng.remote.AbstractRemoteTestNG.run(AbstractRemoteTestNG.java:115)
	at org.testng.remote.RemoteTestNG.initAndRun(RemoteTestNG.java:251)
	at org.testng.remote.RemoteTestNG.main(RemoteTestNG.java:77)
</pre></div></td>
<td>37</td>
<td>Student.Allen_plus.Allen_PlusscheduleTest@8f2ef19</td></tr>
</table><p>
<table width='100%' border='1' class='invocation-passed'>
<tr><td colspan='4' align='center'><b>PASSED TESTS</b></td></tr>
<tr><td><b>Test method</b></td>
<td width="30%"><b>Exception</b></td>
<td width="10%"><b>Time (seconds)</b></td>
<td><b>Instance</b></td>
</tr>
<tr>
<td title='Student.Allen_plus.Allen_PlusscheduleTest.validatescheduleappversiondisplayed_or_not()'><b>validatescheduleappversiondisplayed_or_not</b><br>Test class: Student.Allen_plus.Allen_PlusscheduleTest</td>
<td></td>
<td>0</td>
<td>Student.Allen_plus.Allen_PlusscheduleTest@8f2ef19</td></tr>
<tr>
<td title='Student.Allen_plus.Allen_PlusscheduleTest.varifyscheduletext()'><b>varifyscheduletext</b><br>Test class: Student.Allen_plus.Allen_PlusscheduleTest</td>
<td></td>
<td>0</td>
<td>Student.Allen_plus.Allen_PlusscheduleTest@8f2ef19</td></tr>
<tr>
<td title='Student.Allen_plus.Allen_PlusscheduleTest.verifyscheduleNotificatontext()'><b>verifyscheduleNotificatontext</b><br>Test class: Student.Allen_plus.Allen_PlusscheduleTest</td>
<td></td>
<td>1</td>
<td>Student.Allen_plus.Allen_PlusscheduleTest@8f2ef19</td></tr>
<tr>
<td title='Student.Allen_plus.Allen_PlusscheduleTest.verifyscheduleaccesreq()'><b>verifyscheduleaccesreq</b><br>Test class: Student.Allen_plus.Allen_PlusscheduleTest</td>
<td></td>
<td>4</td>
<td>Student.Allen_plus.Allen_PlusscheduleTest@8f2ef19</td></tr>
<tr>
<td title='Student.Allen_plus.Allen_PlusscheduleTest.verifyscheduleclassisScheduledORnot()'><b>verifyscheduleclassisScheduledORnot</b><br>Test class: Student.Allen_plus.Allen_PlusscheduleTest</td>
<td></td>
<td>0</td>
<td>Student.Allen_plus.Allen_PlusscheduleTest@8f2ef19</td></tr>
<tr>
<td title='Student.Allen_plus.Allen_PlusscheduleTest.verifyschedulegreetingmsgdisplayed_or_not()'><b>verifyschedulegreetingmsgdisplayed_or_not</b><br>Test class: Student.Allen_plus.Allen_PlusscheduleTest</td>
<td></td>
<td>0</td>
<td>Student.Allen_plus.Allen_PlusscheduleTest@8f2ef19</td></tr>
<tr>
<td title='Student.Allen_plus.Allen_PlusscheduleTest.validatescheduleclassrecordingtext()'><b>validatescheduleclassrecordingtext</b><br>Test class: Student.Allen_plus.Allen_PlusscheduleTest</td>
<td></td>
<td>0</td>
<td>Student.Allen_plus.Allen_PlusscheduleTest@8f2ef19</td></tr>
<tr>
<td title='Student.Allen_plus.Allen_PlusscheduleTest.verifyscheduleaccessreqbtntext()'><b>verifyscheduleaccessreqbtntext</b><br>Test class: Student.Allen_plus.Allen_PlusscheduleTest</td>
<td></td>
<td>0</td>
<td>Student.Allen_plus.Allen_PlusscheduleTest@8f2ef19</td></tr>
<tr>
<td title='Student.Allen_plus.Allen_PlusscheduleTest.Verifyscheduleprofilename()'><b>Verifyscheduleprofilename</b><br>Test class: Student.Allen_plus.Allen_PlusscheduleTest</td>
<td></td>
<td>1</td>
<td>Student.Allen_plus.Allen_PlusscheduleTest@8f2ef19</td></tr>
<tr>
<td title='Student.Allen_plus.Allen_PlusscheduleTest.verifyscheduleaccesreqpage()'><b>verifyscheduleaccesreqpage</b><br>Test class: Student.Allen_plus.Allen_PlusscheduleTest</td>
<td></td>
<td>2</td>
<td>Student.Allen_plus.Allen_PlusscheduleTest@8f2ef19</td></tr>
<tr>
<td title='Student.Allen_plus.Allen_PlusscheduleTest.verifycalendervisible_or_not()'><b>verifycalendervisible_or_not</b><br>Test class: Student.Allen_plus.Allen_PlusscheduleTest</td>
<td></td>
<td>0</td>
<td>Student.Allen_plus.Allen_PlusscheduleTest@8f2ef19</td></tr>
<tr>
<td title='Student.Allen_plus.Allen_PlusscheduleTest.verifynotification9pluscountdisplayed_or_not()'><b>verifynotification9pluscountdisplayed_or_not</b><br>Test class: Student.Allen_plus.Allen_PlusscheduleTest</td>
<td></td>
<td>0</td>
<td>Student.Allen_plus.Allen_PlusscheduleTest@8f2ef19</td></tr>
<tr>
<td title='Student.Allen_plus.Allen_PlusscheduleTest.verifyschedulestreamename()'><b>verifyschedulestreamename</b><br>Test class: Student.Allen_plus.Allen_PlusscheduleTest</td>
<td></td>
<td>0</td>
<td>Student.Allen_plus.Allen_PlusscheduleTest@8f2ef19</td></tr>
<tr>
<td title='Student.Allen_plus.Allen_PlusscheduleTest.verifyscheduletodaybuttontext()'><b>verifyscheduletodaybuttontext</b><br>Test class: Student.Allen_plus.Allen_PlusscheduleTest</td>
<td></td>
<td>0</td>
<td>Student.Allen_plus.Allen_PlusscheduleTest@8f2ef19</td></tr>
<tr>
<td title='Student.Allen_plus.Allen_PlusscheduleTest.verifyschedulesidepanelclosebtn()'><b>verifyschedulesidepanelclosebtn</b><br>Test class: Student.Allen_plus.Allen_PlusscheduleTest</td>
<td></td>
<td>2</td>
<td>Student.Allen_plus.Allen_PlusscheduleTest@8f2ef19</td></tr>
<tr>
<td title='Student.Allen_plus.Allen_PlusscheduleTest.verifyschedulecurrentdatedisplayed_or_not()'><b>verifyschedulecurrentdatedisplayed_or_not</b><br>Test class: Student.Allen_plus.Allen_PlusscheduleTest</td>
<td></td>
<td>0</td>
<td>Student.Allen_plus.Allen_PlusscheduleTest@8f2ef19</td></tr>
<tr>
<td title='Student.Allen_plus.Allen_PlusscheduleTest.verifyschedulelogoisdisplyed_or_not()'><b>verifyschedulelogoisdisplyed_or_not</b><br>Test class: Student.Allen_plus.Allen_PlusscheduleTest</td>
<td></td>
<td>0</td>
<td>Student.Allen_plus.Allen_PlusscheduleTest@8f2ef19</td></tr>
<tr>
<td title='Student.Allen_plus.Allen_PlusscheduleTest.verifynoticationbelldisplyed_or_not()'><b>verifynoticationbelldisplyed_or_not</b><br>Test class: Student.Allen_plus.Allen_PlusscheduleTest</td>
<td></td>
<td>0</td>
<td>Student.Allen_plus.Allen_PlusscheduleTest@8f2ef19</td></tr>
<tr>
<td title='Student.Allen_plus.Allen_PlusscheduleTest.verifyschedule_i_button_and_popupname()'><b>verifyschedule_i_button_and_popupname</b><br>Test class: Student.Allen_plus.Allen_PlusscheduleTest</td>
<td></td>
<td>0</td>
<td>Student.Allen_plus.Allen_PlusscheduleTest@8f2ef19</td></tr>
<tr>
<td title='Student.Allen_plus.Allen_PlusscheduleTest.verifyscheduletodaybtn()'><b>verifyscheduletodaybtn</b><br>Test class: Student.Allen_plus.Allen_PlusscheduleTest</td>
<td></td>
<td>0</td>
<td>Student.Allen_plus.Allen_PlusscheduleTest@8f2ef19</td></tr>
<tr>
<td title='Student.Allen_plus.Allen_PlusscheduleTest.verifyhschedulepageimagedisplayed_or_not()'><b>verifyhschedulepageimagedisplayed_or_not</b><br>Test class: Student.Allen_plus.Allen_PlusscheduleTest</td>
<td></td>
<td>0</td>
<td>Student.Allen_plus.Allen_PlusscheduleTest@8f2ef19</td></tr>
</table><p>
</body>
</html>